<?xml version="1.0" encoding="UTF-8"?>
<testsuite name="KotlinTest" tests="0" skipped="0" failures="0" errors="0" time="0.005" hostname="sespinala.local" timestamp="2019-10-03T10:15:59">
<properties>
<property name="awt.toolkit" value="sun.lwawt.macosx.LWCToolkit"/>
<property name="file.encoding" value="UTF-8"/>
<property name="file.encoding.pkg" value="sun.io"/>
<property name="file.separator" value="/"/>
<property name="ftp.nonProxyHosts" value="local|*.local|169.254/16|*.169.254/16"/>
<property name="gopherProxySet" value="false"/>
<property name="http.nonProxyHosts" value="local|*.local|169.254/16|*.169.254/16"/>
<property name="java.awt.graphicsenv" value="sun.awt.CGraphicsEnvironment"/>
<property name="java.awt.printerjob" value="sun.lwawt.macosx.CPrinterJob"/>
<property name="java.class.path" value="/Users/sespinala/Documents/users-crud/build/classes/java/test:/Users/sespinala/Documents/users-crud/build/classes/kotlin/test:/Users/sespinala/Documents/users-crud/build/resources/test:/Users/sespinala/Documents/users-crud/build/classes/java/main:/Users/sespinala/Documents/users-crud/build/classes/kotlin/main:/Users/sespinala/Documents/users-crud/build/resources/main:/Users/sespinala/.gradle/caches/modules-2/files-2.1/io.vertx/vertx-lang-kotlin/3.5.3/93aba4049e3ea114b98d201307d2328c2c70c6df/vertx-lang-kotlin-3.5.3.jar:/Users/sespinala/.gradle/caches/modules-2/files-2.1/io.vertx/vertx-lang-kotlin-coroutines/3.5.3/11b4ec49566f3d79d69fa69243689063dc33bed5/vertx-lang-kotlin-coroutines-3.5.3.jar:/Users/sespinala/.gradle/caches/modules-2/files-2.1/io.vertx/vertx-config-hocon/3.5.3/dbe6980a704a7dac54d82bc66e04f566db3c009a/vertx-config-hocon-3.5.3.jar:/Users/sespinala/.gradle/caches/modules-2/files-2.1/io.vertx/vertx-config/3.5.3/6ff0cd89a24489f6ae466423317a16b475894539/vertx-config-3.5.3.jar:/Users/sespinala/.gradle/caches/modules-2/files-2.1/io.vertx/vertx-auth-jwt/3.5.3/d535b1d2417bc3a71d20df2eb565be8bae47e02c/vertx-auth-jwt-3.5.3.jar:/Users/sespinala/.gradle/caches/modules-2/files-2.1/io.vertx/vertx-web-client/3.5.3/b5d6c57d75e016f2091240e7e552a17d9a6dec95/vertx-web-client-3.5.3.jar:/Users/sespinala/.gradle/caches/modules-2/files-2.1/io.vertx/vertx-web-api-contract/3.5.4/b9d5a767b0e9ee741195f05b777c2f7a856e9e4e/vertx-web-api-contract-3.5.4.jar:/Users/sespinala/.gradle/caches/modules-2/files-2.1/io.vertx/vertx-unit/3.5.3/8d7b6c13919fd7215cff5864e8bcaa242653a589/vertx-unit-3.5.3.jar:/Users/sespinala/.gradle/caches/modules-2/files-2.1/io.vertx/vertx-junit5/3.5.3/908ff039b1fda58d4a53c60389d0dc8ce882e698/vertx-junit5-3.5.3.jar:/Users/sespinala/.gradle/caches/modules-2/files-2.1/io.vertx/vertx-jwt/3.5.3/c4ecf58c064b2bf6ab64338a81c25ae6c1aabc53/vertx-jwt-3.5.3.jar:/Users/sespinala/.gradle/caches/modules-2/files-2.1/io.vertx/vertx-web-common/3.5.3/f8cede9a1ddc499d3f6ba28e7b469d489a002f04/vertx-web-common-3.5.3.jar:/Users/sespinala/.gradle/caches/modules-2/files-2.1/io.vertx/vertx-web/3.5.4/3d77c8cc8bff92cb2b1015edd377770a3910324b/vertx-web-3.5.4.jar:/Users/sespinala/.gradle/caches/modules-2/files-2.1/io.vertx/vertx-auth-common/3.5.4/4fcb4262072aa467039a54b4c6faf9a8819acda4/vertx-auth-common-3.5.4.jar:/Users/sespinala/.gradle/caches/modules-2/files-2.1/io.vertx/vertx-core/3.5.4/89d9df77a7d3669504a14a34d1b7247d45b71c05/vertx-core-3.5.4.jar:/Users/sespinala/.gradle/caches/modules-2/files-2.1/org.litote.kmongo/kmongo-async/3.8.3/a18c49178a3e83a45f8619cd9badd7031000b05d/kmongo-async-3.8.3.jar:/Users/sespinala/.gradle/caches/modules-2/files-2.1/ch.qos.logback/logback-classic/1.2.3/7c4f3c474fb2c041d8028740440937705ebb473a/logback-classic-1.2.3.jar:/Users/sespinala/.gradle/caches/modules-2/files-2.1/com.networknt/json-schema-validator/0.1.13/a7547219f63d6a51e1cecde674ea11133611a2e7/json-schema-validator-0.1.13.jar:/Users/sespinala/.gradle/caches/modules-2/files-2.1/io.swagger.parser.v3/swagger-parser/2.0.0-rc3/4f7ae07c1dc8dceb5f863cb9d96b71b8f500645b/swagger-parser-2.0.0-rc3.jar:/Users/sespinala/.gradle/caches/modules-2/files-2.1/io.kotlintest/kotlintest-runner-junit5/3.1.7/54e3d617e5428dc5e49950adf478b4f58c6357d8/kotlintest-runner-junit5-3.1.7.jar:/Users/sespinala/.gradle/caches/modules-2/files-2.1/io.kotlintest/kotlintest-runner-jvm/3.1.7/9ab64d83b7d7433cb7e034703c40e1ca706ae6e/kotlintest-runner-jvm-3.1.7.jar:/Users/sespinala/.gradle/caches/modules-2/files-2.1/de.flapdoodle.embed/de.flapdoodle.embed.mongo/2.2.0/781d14f4e3d9eeb0b4c3e00a4ec165a04b3dc5c4/de.flapdoodle.embed.mongo-2.2.0.jar:/Users/sespinala/.gradle/caches/modules-2/files-2.1/de.flapdoodle.embed/de.flapdoodle.embed.process/2.1.2/986b38302fa10018d5baccee7f655c31ee9afe5b/de.flapdoodle.embed.process-2.1.2.jar:/Users/sespinala/.gradle/caches/modules-2/files-2.1/io.swagger.parser.v3/swagger-parser-v2-converter/2.0.0-rc3/33183dc3dab0c1fe4f264e1a4335d48dff0590e0/swagger-parser-v2-converter-2.0.0-rc3.jar:/Users/sespinala/.gradle/caches/modules-2/files-2.1/io.swagger/swagger-compat-spec-parser/1.0.34/fd69850646a9385d21d5559df69ae88fc1574d23/swagger-compat-spec-parser-1.0.34.jar:/Users/sespinala/.gradle/caches/modules-2/files-2.1/io.swagger/swagger-parser/1.0.34/e5c4334e8b69ed67ab0caeaeb9d4c7708dce146e/swagger-parser-1.0.34.jar:/Users/sespinala/.gradle/caches/modules-2/files-2.1/org.slf4j/slf4j-ext/1.7.25/d1685f86e2becda32ad8bb823b8cc4990eb45f69/slf4j-ext-1.7.25.jar:/Users/sespinala/.gradle/caches/modules-2/files-2.1/io.swagger.parser.v3/swagger-parser-v3/2.0.0-rc3/d2905761230ea96cb5e0d36a3857ad76b703e9f5/swagger-parser-v3-2.0.0-rc3.jar:/Users/sespinala/.gradle/caches/modules-2/files-2.1/io.swagger.core.v3/swagger-core/2.0.0-rc4/183221776fb9ca40b357b87f27044c3cfbdf038a/swagger-core-2.0.0-rc4.jar:/Users/sespinala/.gradle/caches/modules-2/files-2.1/io.swagger/swagger-core/1.5.18/bd9a1817e850c073e4668f9740e2d0938702e175/swagger-core-1.5.18.jar:/Users/sespinala/.gradle/caches/modules-2/files-2.1/io.swagger/swagger-models/1.5.18/ded34e77260c1a7ac4e93001c1bd946aa104c3cd/swagger-models-1.5.18.jar:/Users/sespinala/.gradle/caches/modules-2/files-2.1/org.slf4j/slf4j-api/1.7.25/da76ca59f6a57ee3102f8f9bd9cee742973efa8a/slf4j-api-1.7.25.jar:/Users/sespinala/.gradle/caches/modules-2/files-2.1/ch.qos.logback/logback-core/1.2.3/864344400c3d4d92dfeb0a305dc87d953677c03c/logback-core-1.2.3.jar:/Users/sespinala/.gradle/caches/modules-2/files-2.1/org.jetbrains.kotlin/kotlin-stdlib-jdk8/1.3.20/b1f3cb184c4ce4139741454df2f8fca5320f822d/kotlin-stdlib-jdk8-1.3.20.jar:/Users/sespinala/.gradle/caches/modules-2/files-2.1/org.jetbrains.kotlinx/kotlinx-coroutines-core/0.30.2-eap13/7454a7b74b0f74713d0c3a3fa0258214e2eafeae/kotlinx-coroutines-core-0.30.2-eap13.jar:/Users/sespinala/.gradle/caches/modules-2/files-2.1/com.beust/klaxon/3.0.1/808bd383de5140c185f11f5b38c75e6032076304/klaxon-3.0.1.jar:/Users/sespinala/.gradle/caches/modules-2/files-2.1/com.google.code.gson/gson/2.8.2/3edcfe49d2c6053a70a2a47e4e1c2f94998a49cf/gson-2.8.2.jar:/Users/sespinala/.gradle/caches/modules-2/files-2.1/io.mockk/mockk/1.8.9/6de50c967a855dd7cf1d2c061c8107c396234ef/mockk-1.8.9.jar:/Users/sespinala/.gradle/caches/modules-2/files-2.1/org.spekframework.spek2/spek-runner-junit5/2.0.0-alpha.1/4abc17103fa6343357e6e5c59ead4364a4dbbc55/spek-runner-junit5-2.0.0-alpha.1.jar:/Users/sespinala/.gradle/caches/modules-2/files-2.1/org.spekframework.spek2/spek-runtime-jvm/2.0.0-alpha.1/1667d066cea4b8b7d6cee0ab1a841901214417a1/spek-runtime-jvm-2.0.0-alpha.1.jar:/Users/sespinala/.gradle/caches/modules-2/files-2.1/org.spekframework.spek2/spek-dsl-jvm/2.0.0-alpha.1/3585e17839903cb7645db0126299bc2902b34fca/spek-dsl-jvm-2.0.0-alpha.1.jar:/Users/sespinala/.gradle/caches/modules-2/files-2.1/org.litote.kmongo/kmongo/3.8.3/282f60588dc077f9908311d5d2ec8b61ff6b6e8c/kmongo-3.8.3.jar:/Users/sespinala/.gradle/caches/modules-2/files-2.1/io.mockk/mockk-dsl-jvm/1.8.9/2a82f58c46c2fc303cab87cf2aa97c78a3f67d23/mockk-dsl-jvm-1.8.9.jar:/Users/sespinala/.gradle/caches/modules-2/files-2.1/io.kotlintest/kotlintest-core/3.1.7/9f54bb645120764ce300110758243ca1216c1e8a/kotlintest-core-3.1.7.jar:/Users/sespinala/.gradle/caches/modules-2/files-2.1/io.kotlintest/kotlintest-assertions/3.1.7/49ba54992fd7eb45427db6004af20b2aab1bf459/kotlintest-assertions-3.1.7.jar:/Users/sespinala/.gradle/caches/modules-2/files-2.1/org.litote.kmongo/kmongo-jackson-mapping/3.8.3/e8a3977d79e5d296bdbec7415b65b11286ae3612/kmongo-jackson-mapping-3.8.3.jar:/Users/sespinala/.gradle/caches/modules-2/files-2.1/org.litote.kmongo/kmongo-core/3.8.3/de9d71d74cdf7610468d0b1187b825df769bf6ac/kmongo-core-3.8.3.jar:/Users/sespinala/.gradle/caches/modules-2/files-2.1/org.litote.kmongo/kmongo-async-core/3.8.3/159c402a848391b24ca9c868300662979c00260c/kmongo-async-core-3.8.3.jar:/Users/sespinala/.gradle/caches/modules-2/files-2.1/org.litote.kmongo/kmongo-async-shared/3.8.3/2b936da7128f628924621be2fd417ab645f3fb35/kmongo-async-shared-3.8.3.jar:/Users/sespinala/.gradle/caches/modules-2/files-2.1/org.litote.kmongo/kmongo-property/3.8.3/d907d50817c1ce64c4745ea820b61fa235ea2fb6/kmongo-property-3.8.3.jar:/Users/sespinala/.gradle/caches/modules-2/files-2.1/org.litote.kmongo/kmongo-shared/3.8.3/2cd4d555948c3e26558d90f0e2dcc85a35d1df4/kmongo-shared-3.8.3.jar:/Users/sespinala/.gradle/caches/modules-2/files-2.1/org.litote.kmongo/kmongo-id-jackson/3.8.3/a653e88eb1f08826996b4410c0bf87ed2c724bc6/kmongo-id-jackson-3.8.3.jar:/Users/sespinala/.gradle/caches/modules-2/files-2.1/com.fasterxml.jackson.module/jackson-module-kotlin/2.9.7/9ec9b84e8af4c4f31efcbc5c21e34da8021419f1/jackson-module-kotlin-2.9.7.jar:/Users/sespinala/.gradle/caches/modules-2/files-2.1/org.litote.kmongo/kmongo-id/3.8.3/3853260c0802e4c41937aeddd266206e725ae473/kmongo-id-3.8.3.jar:/Users/sespinala/.gradle/caches/modules-2/files-2.1/org.jetbrains.kotlin/kotlin-reflect/1.2.71/7512db3b3182753bd2e48ce8d345abbadc40fe6b/kotlin-reflect-1.2.71.jar:/Users/sespinala/.gradle/caches/modules-2/files-2.1/io.netty/netty-codec-http2/4.1.19.Final/665bd06aed74b3f5592465dda2e00e3d03f41048/netty-codec-http2-4.1.19.Final.jar:/Users/sespinala/.gradle/caches/modules-2/files-2.1/io.netty/netty-handler/4.1.19.Final/9c784510bc6f81177c4f2c2956144438863cdac4/netty-handler-4.1.19.Final.jar:/Users/sespinala/.gradle/caches/modules-2/files-2.1/io.netty/netty-handler-proxy/4.1.19.Final/47c7f7977cea190351962bee726f663eb6488a22/netty-handler-proxy-4.1.19.Final.jar:/Users/sespinala/.gradle/caches/modules-2/files-2.1/io.netty/netty-resolver-dns/4.1.19.Final/67a1e265bcbc49160417c81fdf2fdc50ea423727/netty-resolver-dns-4.1.19.Final.jar:/Users/sespinala/.gradle/caches/modules-2/files-2.1/io.netty/netty-codec-http/4.1.19.Final/f7edff289d10cc03cdb97ad99e2722f9d61ffdc3/netty-codec-http-4.1.19.Final.jar:/Users/sespinala/.gradle/caches/modules-2/files-2.1/io.netty/netty-codec-socks/4.1.19.Final/c84f0540fceccae979d7aeb17b1fa0057c038df9/netty-codec-socks-4.1.19.Final.jar:/Users/sespinala/.gradle/caches/modules-2/files-2.1/io.netty/netty-codec-dns/4.1.19.Final/8b0a7fd3c67e8bd5e3d347f9bb200ae0aaa5c1b7/netty-codec-dns-4.1.19.Final.jar:/Users/sespinala/.gradle/caches/modules-2/files-2.1/io.netty/netty-codec/4.1.19.Final/ad4d4309c5b011036ca4df6aca190983d75c6b19/netty-codec-4.1.19.Final.jar:/Users/sespinala/.gradle/caches/modules-2/files-2.1/io.netty/netty-transport/4.1.19.Final/4f26f51b86dc1ab19621eb2ac39f1a63682f17f2/netty-transport-4.1.19.Final.jar:/Users/sespinala/.gradle/caches/modules-2/files-2.1/io.netty/netty-buffer/4.1.19.Final/65abf40a28ce4f52dd763d0b4f740066a87b5c9e/netty-buffer-4.1.19.Final.jar:/Users/sespinala/.gradle/caches/modules-2/files-2.1/io.netty/netty-resolver/4.1.19.Final/7d97be8b3fb195f9d94d9a4afcadef25e08bde2/netty-resolver-4.1.19.Final.jar:/Users/sespinala/.gradle/caches/modules-2/files-2.1/io.netty/netty-common/4.1.19.Final/b281916c11d3eeec5e839677ec4f2eb9d7586928/netty-common-4.1.19.Final.jar:/Users/sespinala/.gradle/caches/modules-2/files-2.1/com.fasterxml.jackson.dataformat/jackson-dataformat-yaml/2.9.6/2cf807d8a1a6a52e80a269e73b2fd8c0df06a42b/jackson-dataformat-yaml-2.9.6.jar:/Users/sespinala/.gradle/caches/modules-2/files-2.1/org.litote.kmongo/kmongo-jackson-modules-service-loader/3.8.3/a57fcfa97528935ac1be714cde7dec6c15a92a03/kmongo-jackson-modules-service-loader-3.8.3.jar:/Users/sespinala/.gradle/caches/modules-2/files-2.1/com.github.fge/json-patch/1.6/8c7a8da998228261d5eec90c5aeb382d1ff723c/json-patch-1.6.jar:/Users/sespinala/.gradle/caches/modules-2/files-2.1/com.github.java-json-tools/json-schema-validator/2.2.8/b577aa61af5731102ed6044a6f01cfa10499e370/json-schema-validator-2.2.8.jar:/Users/sespinala/.gradle/caches/modules-2/files-2.1/com.github.java-json-tools/json-schema-core/1.2.8/5164416f08168ced34e02d870cb958db42b61b5f/json-schema-core-1.2.8.jar:/Users/sespinala/.gradle/caches/modules-2/files-2.1/com.github.fge/jackson-coreutils/1.8/491a6e1130a180c153df9f2b7aabd7a700282c67/jackson-coreutils-1.8.jar:/Users/sespinala/.gradle/caches/modules-2/files-2.1/com.fasterxml.jackson.core/jackson-databind/2.9.7/e6faad47abd3179666e89068485a1b88a195ceb7/jackson-databind-2.9.7.jar:/Users/sespinala/.gradle/caches/modules-2/files-2.1/com.fasterxml.jackson.core/jackson-core/2.9.7/4b7f0e0dc527fab032e9800ed231080fdc3ac015/jackson-core-2.9.7.jar:/Users/sespinala/.gradle/caches/modules-2/files-2.1/org.jetbrains.kotlin/kotlin-stdlib-jre8/1.2.20/f77d7863695e17041b50ebe5e2f87e5314a2c812/kotlin-stdlib-jre8-1.2.20.jar:/Users/sespinala/.gradle/caches/modules-2/files-2.1/com.typesafe/config/1.3.0/f533aa6ea13e443b50e639d070986c42d03efc35/config-1.3.0.jar:/Users/sespinala/.gradle/caches/modules-2/files-2.1/io.vertx/vertx-bridge-common/3.5.4/327e404ed3288e5c38e3720b26fb21d6f419f73b/vertx-bridge-common-3.5.4.jar:/Users/sespinala/.gradle/caches/modules-2/files-2.1/io.arrow-kt/arrow-core/0.7.1/6258e5f2afd375ef6fd12161a590d6fcc3549361/arrow-core-0.7.1.jar:/Users/sespinala/.gradle/caches/modules-2/files-2.1/org.jetbrains.kotlin/kotlin-stdlib-jdk7/1.3.20/aa17d6fd473ce53061a7b2b9d2ae96f547cae93d/kotlin-stdlib-jdk7-1.3.20.jar:/Users/sespinala/.gradle/caches/modules-2/files-2.1/org.jetbrains.kotlin/kotlin-stdlib-jre7/1.2.20/1ba23e74292b5af8980efde762fdd44fb61ddc2/kotlin-stdlib-jre7-1.2.20.jar:/Users/sespinala/.gradle/caches/modules-2/files-2.1/org.litote.kmongo/kmongo-data/3.8.3/c2f1d2a65a57960dbac825592e430f1bf488784d/kmongo-data-3.8.3.jar:/Users/sespinala/.gradle/caches/modules-2/files-2.1/io.arrow-kt/arrow-annotations/0.7.1/391929cd47d022b989b0a80e6d4395e0807191f0/arrow-annotations-0.7.1.jar:/Users/sespinala/.gradle/caches/modules-2/files-2.1/org.jetbrains.kotlin/kotlin-stdlib/1.3.20/eb2a232734e09fcd1b958a5c7520a93c6de38b32/kotlin-stdlib-1.3.20.jar:/Users/sespinala/.gradle/caches/modules-2/files-2.1/org.jetbrains.kotlinx/kotlinx-coroutines-core-common/0.30.2-eap13/d60b56a014b3dbcf9215c4ea980e3e9cd84a08bb/kotlinx-coroutines-core-common-0.30.2-eap13.jar:/Users/sespinala/.gradle/caches/modules-2/files-2.1/io.mockk/mockk-common/1.8.9/e3c8a6b4e0965f844e60f67fc4f9850d3ca39bf7/mockk-common-1.8.9.jar:/Users/sespinala/.gradle/caches/modules-2/files-2.1/io.mockk/mockk-agent-jvm/1.8.9/f80995434e495c44f04c77382543081e7770253c/mockk-agent-jvm-1.8.9.jar:/Users/sespinala/.gradle/caches/modules-2/files-2.1/org.spekframework.spek2/spek-runtime-common/2.0.0-alpha.1/2a2e1d99f85f15009fea2306ca798cba605ca54a/spek-runtime-common-2.0.0-alpha.1.jar:/Users/sespinala/.gradle/caches/modules-2/files-2.1/org.spekframework.spek2/spek-dsl-common/2.0.0-alpha.1/918613c2bf07ff65defc3cb0161ac51807eba907/spek-dsl-common-2.0.0-alpha.1.jar:/Users/sespinala/.gradle/caches/modules-2/files-2.1/org.junit.jupiter/junit-jupiter-params/5.2.0/d70083080bf3400c181562919cb03bf7588104e1/junit-jupiter-params-5.2.0.jar:/Users/sespinala/.gradle/caches/modules-2/files-2.1/org.junit.jupiter/junit-jupiter-api/5.2.0/9cd901df48d88d8e605a6ccb2c3f140c92db6bf2/junit-jupiter-api-5.2.0.jar:/Users/sespinala/.gradle/caches/modules-2/files-2.1/org.junit.platform/junit-platform-launcher/1.2.0/ea230ba8c0b71943d4dd2bb215ca29041c89966e/junit-platform-launcher-1.2.0.jar:/Users/sespinala/.gradle/caches/modules-2/files-2.1/org.junit.platform/junit-platform-engine/1.2.0/35fa3529ce843ada1a10b0909ccb4a8148ee638d/junit-platform-engine-1.2.0.jar:/Users/sespinala/.gradle/caches/modules-2/files-2.1/org.junit.platform/junit-platform-suite-api/1.2.0/fcc7e77c6e143e775596fb6788ce183f8f77b9e0/junit-platform-suite-api-1.2.0.jar:/Users/sespinala/.gradle/caches/modules-2/files-2.1/org.apache.commons/commons-lang3/3.7/557edd918fd41f9260963583ebf5a61a43a6b423/commons-lang3-3.7.jar:/Users/sespinala/.gradle/caches/modules-2/files-2.1/commons-io/commons-io/2.4/b1b6ea3b7e4aa4f492509a4952029cd8e48019ad/commons-io-2.4.jar:/Users/sespinala/.gradle/caches/modules-2/files-2.1/org.yaml/snakeyaml/1.18/e4a441249ade301985cb8d009d4e4a72b85bf68e/snakeyaml-1.18.jar:/Users/sespinala/.gradle/caches/modules-2/files-2.1/de.undercouch/bson4jackson/2.9.2/63d4d39b916d3d92ee2861ce93fa790b4aa70b94/bson4jackson-2.9.2.jar:/Users/sespinala/.gradle/caches/modules-2/files-2.1/org.jetbrains.kotlin/kotlin-stdlib-common/1.3.20/7d7934e26ce34da1a0a8d00e38038d7cf3375e89/kotlin-stdlib-common-1.3.20.jar:/Users/sespinala/.gradle/caches/modules-2/files-2.1/org.jetbrains/annotations/13.0/919f0dfe192fb4e063e7dacadee7f8bb9a2672a9/annotations-13.0.jar:/Users/sespinala/.gradle/caches/modules-2/files-2.1/io.mockk/mockk-dsl/1.8.9/87c9f3c2eb46adc8d81389050b6c032e3aa152a7/mockk-dsl-1.8.9.jar:/Users/sespinala/.gradle/caches/modules-2/files-2.1/io.mockk/mockk-agent-common/1.8.9/fba991188e07b5011689301b6b15012385cd9281/mockk-agent-common-1.8.9.jar:/Users/sespinala/.gradle/caches/modules-2/files-2.1/io.mockk/mockk-agent-api/1.8.9/17f3a406e0126d303feeb5436c64389efb233bb9/mockk-agent-api-1.8.9.jar:/Users/sespinala/.gradle/caches/modules-2/files-2.1/org.objenesis/objenesis/2.6/639033469776fd37c08358c6b92a4761feb2af4b/objenesis-2.6.jar:/Users/sespinala/.gradle/caches/modules-2/files-2.1/net.bytebuddy/byte-buddy/1.8.22/4d65fdf7d9755ef7c75f2213f356119d0e68c2cd/byte-buddy-1.8.22.jar:/Users/sespinala/.gradle/caches/modules-2/files-2.1/net.bytebuddy/byte-buddy-agent/1.8.22/347d063fe292e406f6a71ff64dfd9e8d794f0aba/byte-buddy-agent-1.8.22.jar:/Users/sespinala/.gradle/caches/modules-2/files-2.1/org.junit.platform/junit-platform-commons/1.2.0/dbce1d822d3dc6c61703b340cd79018518685451/junit-platform-commons-1.2.0.jar:/Users/sespinala/.m2/repository/org/apiguardian/apiguardian-api/1.0.0/apiguardian-api-1.0.0.jar:/Users/sespinala/.gradle/caches/modules-2/files-2.1/org.opentest4j/opentest4j/1.1.0/c8e2a3e3bc7f3e4bb5075306452db5290f9b117a/opentest4j-1.1.0.jar:/Users/sespinala/.gradle/caches/modules-2/files-2.1/com.univocity/univocity-parsers/2.6.1/f6f41322f4d2b4677d0c3b59ab33e745896637de/univocity-parsers-2.6.1.jar:/Users/sespinala/.gradle/caches/modules-2/files-2.1/org.reflections/reflections/0.9.11/23bba0ff497ec61fbca967d9b641c7681a71edb3/reflections-0.9.11.jar:/Users/sespinala/.gradle/caches/modules-2/files-2.1/net.java.dev.jna/jna-platform/4.0.0/deb6bf66918989b50209b8c9aaf3b2561af7f011/jna-platform-4.0.0.jar:/Users/sespinala/.gradle/caches/modules-2/files-2.1/net.java.dev.jna/jna/4.0.0/9b3a11c613ec3fd3440af4103b12c3de82d38b6e/jna-4.0.0.jar:/Users/sespinala/.gradle/caches/modules-2/files-2.1/org.apache.commons/commons-compress/1.18/1191f9f2bc0c47a8cce69193feb1ff0a8bcb37d5/commons-compress-1.18.jar:/Users/sespinala/.gradle/caches/modules-2/files-2.1/org.mongodb/mongodb-driver/3.8.2/d1265023f0b490a2643aa722966c290138eed737/mongodb-driver-3.8.2.jar:/Users/sespinala/.gradle/caches/modules-2/files-2.1/io.swagger.parser.v3/swagger-parser-core/2.0.0-rc3/bdbcd82e51f90a043b930ecf0cc4701af526e93e/swagger-parser-core-2.0.0-rc3.jar:/Users/sespinala/.gradle/caches/modules-2/files-2.1/io.swagger.core.v3/swagger-models/2.0.0-rc4/4527b9eac43beed083f0f75edb181ae7fda79da/swagger-models-2.0.0-rc4.jar:/Users/sespinala/.gradle/caches/modules-2/files-2.1/com.fasterxml.jackson.core/jackson-annotations/2.9.3/3c087fa4a6593b4f0ff6921d6e3e2c6b6212ca3/jackson-annotations-2.9.3.jar:/Users/sespinala/.gradle/caches/modules-2/files-2.1/org.mongodb/mongodb-driver-async/3.8.2/fafb9918a05914cf2bac0d1d941d43349a432fb/mongodb-driver-async-3.8.2.jar:/Users/sespinala/.gradle/caches/modules-2/files-2.1/com.github.fge/uri-template/0.9/ab1ad5804d3c7d640f21059085df5be340e97929/uri-template-0.9.jar:/Users/sespinala/.gradle/caches/modules-2/files-2.1/com.google.guava/guava/20.0/89507701249388e1ed5ddcf8c41f4ce1be7831ef/guava-20.0.jar:/Users/sespinala/.gradle/caches/modules-2/files-2.1/org.javassist/javassist/3.21.0-GA/598244f595db5c5fb713731eddbb1c91a58d959b/javassist-3.21.0-GA.jar:/Users/sespinala/.gradle/caches/modules-2/files-2.1/org.mongodb/mongodb-driver-core/3.8.2/24b8708db42dde5686ed49fd2c614e66144fa28a/mongodb-driver-core-3.8.2.jar:/Users/sespinala/.gradle/caches/modules-2/files-2.1/org.mongodb/bson/3.8.2/3edc6689b0f15eac0e3d3e7997ddd1bb9b8232f6/bson-3.8.2.jar:/Users/sespinala/.gradle/caches/modules-2/files-2.1/org.apache.httpcomponents/httpclient/4.5.2/733db77aa8d9b2d68015189df76ab06304406e50/httpclient-4.5.2.jar:/Users/sespinala/.gradle/caches/modules-2/files-2.1/io.swagger.core.v3/swagger-annotations/2.0.0-rc4/71a9b2b43ee6c6de591ca5368c30960b23a46cc3/swagger-annotations-2.0.0-rc4.jar:/Users/sespinala/.gradle/caches/modules-2/files-2.1/javax.validation/validation-api/1.1.0.Final/8613ae82954779d518631e05daa73a6a954817d5/validation-api-1.1.0.Final.jar:/Users/sespinala/.gradle/caches/modules-2/files-2.1/io.kindedj/kindedj/1.1.0/462731347602a3f24e3f21feec50928f9a657741/kindedj-1.1.0.jar:/Users/sespinala/.gradle/caches/modules-2/files-2.1/javax.mail/mailapi/1.4.3/124600e35d9031da50e5f67661ffa741541f8f6a/mailapi-1.4.3.jar:/Users/sespinala/.gradle/caches/modules-2/files-2.1/joda-time/joda-time/2.9.7/6eb2e87ddb09e944bb88f06f19ba0638d4607ffd/joda-time-2.9.7.jar:/Users/sespinala/.gradle/caches/modules-2/files-2.1/com.googlecode.libphonenumber/libphonenumber/8.0.0/ce021971974ee6a26572e43eaba7edf184c3c63d/libphonenumber-8.0.0.jar:/Users/sespinala/.gradle/caches/modules-2/files-2.1/com.github.fge/msg-simple/1.1/f261263e13dd4cfa93cc6b83f1f58f619097a2c4/msg-simple-1.1.jar:/Users/sespinala/.gradle/caches/modules-2/files-2.1/com.github.fge/btf/1.2/9e66651022eb86301b348d57e6f59459effc343b/btf-1.2.jar:/Users/sespinala/.gradle/caches/modules-2/files-2.1/com.google.code.findbugs/jsr305/3.0.1/f7be08ec23c21485b9b5a1cf1654c2ec8c58168d/jsr305-3.0.1.jar:/Users/sespinala/.gradle/caches/modules-2/files-2.1/net.sf.jopt-simple/jopt-simple/5.0.3/cdd846cfc4e0f7eefafc02c0f5dce32b9303aa2a/jopt-simple-5.0.3.jar:/Users/sespinala/.gradle/caches/modules-2/files-2.1/org.apache.httpcomponents/httpcore/4.4.4/b31526a230871fbe285fbcbe2813f9c0839ae9b0/httpcore-4.4.4.jar:/Users/sespinala/.gradle/caches/modules-2/files-2.1/commons-logging/commons-logging/1.2/4bfc12adfe4842bf07b657f0369c4cb522955686/commons-logging-1.2.jar:/Users/sespinala/.gradle/caches/modules-2/files-2.1/commons-codec/commons-codec/1.9/9ce04e34240f674bc72680f8b843b1457383161a/commons-codec-1.9.jar:/Users/sespinala/.gradle/caches/modules-2/files-2.1/io.swagger/swagger-annotations/1.5.18/f386aa7dc018534e6e05c40fff292e6cd9b9d8f8/swagger-annotations-1.5.18.jar:/Users/sespinala/.gradle/caches/modules-2/files-2.1/org.mozilla/rhino/1.7R4/e982f2136574b9a423186fbaeaaa98dc3e5a5288/rhino-1.7R4.jar:/Users/sespinala/.gradle/caches/modules-2/files-2.1/javax.activation/activation/1.1/e6cb541461c2834bdea3eb920f1884d1eb508b50/activation-1.1.jar:/Users/sespinala/.gradle/caches/modules-2/files-2.1/org.junit.platform/junit-platform-console/1.1.0/1ea376db54ab4ec0018c5e99d414e1c7c034387/junit-platform-console-1.1.0.jar:/Users/sespinala/.gradle/caches/modules-2/files-2.1/org.junit.platform/junit-platform-launcher/1.1.0/ba098edde4e59cacd9225e238ea3ad9c946684ab/junit-platform-launcher-1.1.0.jar:/Users/sespinala/.gradle/caches/modules-2/files-2.1/org.junit.platform/junit-platform-engine/1.1.0/2596bd4d909e7ea8d029272db4338075445d731b/junit-platform-engine-1.1.0.jar:/Users/sespinala/.gradle/caches/modules-2/files-2.1/org.junit.platform/junit-platform-commons/1.1.0/d6aa21029f9cedfb4cc8a9e9efc0bd97987205b8/junit-platform-commons-1.1.0.jar:/Users/sespinala/.gradle/caches/modules-2/files-2.1/org.opentest4j/opentest4j/1.0.0/6f09c598e9ff64bf0ce2fa7e7de49a99ba83c0b4/opentest4j-1.0.0.jar:build/tmp/expandedArchives/org.jacoco.agent-0.8.1.jar_16670a76000912152d9d3da9154738d1/jacocoagent.jar"/>
<property name="java.class.version" value="52.0"/>
<property name="java.endorsed.dirs" value="/Library/Java/JavaVirtualMachines/jdk1.8.0_221.jdk/Contents/Home/jre/lib/endorsed"/>
<property name="java.ext.dirs" value="/Users/sespinala/Library/Java/Extensions:/Library/Java/JavaVirtualMachines/jdk1.8.0_221.jdk/Contents/Home/jre/lib/ext:/Library/Java/Extensions:/Network/Library/Java/Extensions:/System/Library/Java/Extensions:/usr/lib/java"/>
<property name="java.home" value="/Library/Java/JavaVirtualMachines/jdk1.8.0_221.jdk/Contents/Home/jre"/>
<property name="java.io.tmpdir" value="/var/folders/v8/nyhh8gt923z319jr85w55lyjd2qt21/T/"/>
<property name="java.library.path" value="/Users/sespinala/Library/Java/Extensions:/Library/Java/Extensions:/Network/Library/Java/Extensions:/System/Library/Java/Extensions:/usr/lib/java:."/>
<property name="java.runtime.name" value="Java(TM) SE Runtime Environment"/>
<property name="java.runtime.version" value="1.8.0_221-b11"/>
<property name="java.specification.name" value="Java Platform API Specification"/>
<property name="java.specification.vendor" value="Oracle Corporation"/>
<property name="java.specification.version" value="1.8"/>
<property name="java.vendor" value="Oracle Corporation"/>
<property name="java.vendor.url" value="http://java.oracle.com/"/>
<property name="java.vendor.url.bug" value="http://bugreport.sun.com/bugreport/"/>
<property name="java.version" value="1.8.0_221"/>
<property name="java.vm.info" value="mixed mode"/>
<property name="java.vm.name" value="Java HotSpot(TM) 64-Bit Server VM"/>
<property name="java.vm.specification.name" value="Java Virtual Machine Specification"/>
<property name="java.vm.specification.vendor" value="Oracle Corporation"/>
<property name="java.vm.specification.version" value="1.8"/>
<property name="java.vm.vendor" value="Oracle Corporation"/>
<property name="java.vm.version" value="25.221-b11"/>
<property name="line.separator" value="
"/>
<property name="os.arch" value="x86_64"/>
<property name="os.name" value="Mac OS X"/>
<property name="os.version" value="10.14.6"/>
<property name="path.separator" value=":"/>
<property name="socksNonProxyHosts" value="local|*.local|169.254/16|*.169.254/16"/>
<property name="sun.arch.data.model" value="64"/>
<property name="sun.boot.class.path" value="/Library/Java/JavaVirtualMachines/jdk1.8.0_221.jdk/Contents/Home/jre/lib/resources.jar:/Library/Java/JavaVirtualMachines/jdk1.8.0_221.jdk/Contents/Home/jre/lib/rt.jar:/Library/Java/JavaVirtualMachines/jdk1.8.0_221.jdk/Contents/Home/jre/lib/sunrsasign.jar:/Library/Java/JavaVirtualMachines/jdk1.8.0_221.jdk/Contents/Home/jre/lib/jsse.jar:/Library/Java/JavaVirtualMachines/jdk1.8.0_221.jdk/Contents/Home/jre/lib/jce.jar:/Library/Java/JavaVirtualMachines/jdk1.8.0_221.jdk/Contents/Home/jre/lib/charsets.jar:/Library/Java/JavaVirtualMachines/jdk1.8.0_221.jdk/Contents/Home/jre/lib/jfr.jar:/Library/Java/JavaVirtualMachines/jdk1.8.0_221.jdk/Contents/Home/jre/classes"/>
<property name="sun.boot.library.path" value="/Library/Java/JavaVirtualMachines/jdk1.8.0_221.jdk/Contents/Home/jre/lib"/>
<property name="sun.cpu.endian" value="little"/>
<property name="sun.cpu.isalist" value=""/>
<property name="sun.io.unicode.encoding" value="UnicodeBig"/>
<property name="sun.java.command" value="org.junit.platform.console.ConsoleLauncher --details NONE --scan-class-path /Users/sespinala/Documents/users-crud/build/classes/java/main:/Users/sespinala/Documents/users-crud/build/classes/kotlin/main:/Users/sespinala/Documents/users-crud/build/resources/main:/Users/sespinala/Documents/users-crud/build/classes/java/test:/Users/sespinala/Documents/users-crud/build/classes/kotlin/test:/Users/sespinala/Documents/users-crud/build/resources/test -n ^.*Tests?$ --reports-dir /Users/sespinala/Documents/users-crud/build/test-results/junit-platform"/>
<property name="sun.java.launcher" value="SUN_STANDARD"/>
<property name="sun.jnu.encoding" value="UTF-8"/>
<property name="sun.management.compiler" value="HotSpot 64-Bit Tiered Compilers"/>
<property name="sun.os.patch.level" value="unknown"/>
<property name="user.country" value="CO"/>
<property name="user.dir" value="/Users/sespinala/Documents/users-crud"/>
<property name="user.home" value="/Users/sespinala"/>
<property name="user.language" value="en"/>
<property name="user.name" value="sespinala"/>
<property name="user.timezone" value="America/Bogota"/>
<property name="user.variant" value=""/>
</properties>
<system-out><![CDATA[
unique-id: [engine:kotlintest]
display-name: KotlinTest
]]></system-out>
</testsuite>
